

HI-TECH Software PIC LITE Macro Assembler V9.83 build 10920 
                                                                                               Wed Apr 30 15:50:39 2014

HI-TECH Software Omniscient Code Generator (Lite mode) build 10920
     1  0000                     opt subtitle "HI-TECH Software Omniscient Code Generator (Lite mode) build 10920"
     2                           
     3                           opt pagewidth 120
     4                           
     5                           	opt lm
     6                           
     7                           	processor	16F723A
     8                           clrc	macro
     9                           	bcf	3,0
    10  0000                     	endm
    11                           clrz	macro
    12                           	bcf	3,2
    13  0000                     	endm
    14                           setc	macro
    15                           	bsf	3,0
    16  0000                     	endm
    17                           setz	macro
    18                           	bsf	3,2
    19  0000                     	endm
    20                           skipc	macro
    21                           	btfss	3,0
    22  0000                     	endm
    23                           skipz	macro
    24                           	btfss	3,2
    25  0000                     	endm
    26                           skipnc	macro
    27                           	btfsc	3,0
    28  0000                     	endm
    29                           skipnz	macro
    30                           	btfsc	3,2
    31  0000                     	endm
    32  0000                     indf	equ	0
    33  0000                     indf0	equ	0
    34  0002                     pc	equ	2
    35  0002                     pcl	equ	2
    36  0003                     status	equ	3
    37  0004                     fsr	equ	4
    38  0004                     fsr0	equ	4
    39  0001                     c	equ	1
    40  0000                     z	equ	0
    41  000A                     pclath	equ	10
    42                           # 6 "G:\Program\PIC\Source_File\MCU_16F723A-N.c"
    43                           	psect config,class=CONFIG,delta=2 ;#
    44                           # 6 "G:\Program\PIC\Source_File\MCU_16F723A-N.c"
    45  2007  FFF4               	dw 0xFFFC & 0xFFF7 & 0xFFFF ;#
    46                           # 7 "G:\Program\PIC\Source_File\MCU_16F723A-N.c"
    47                           	psect config,class=CONFIG,delta=2 ;#
    48                           # 7 "G:\Program\PIC\Source_File\MCU_16F723A-N.c"
    49  2008  FFFF               	dw 0xFFFF ;#
    50                           	FNCALL	_main,_Mcu_Initial
    51                           	FNROOT	_main
    52                           	FNCALL	intlevel1,_ISR
    53                           	global	intlevel1
    54                           	FNROOT	intlevel1
    55                           	global	_VarTmr0
    56                           	global	_Tmr0
    57                           psect	nvCOMMON,class=COMMON,space=1
    58                           global __pnvCOMMON
    59  007C                     __pnvCOMMON:
    60  007C                     _Tmr0:
    61  007C                            ds      1
    62                           
    63                           	global	_PORTA
    64  0005                     _PORTA	set	5
    65                           	global	_PORTB
    66  0006                     _PORTB	set	6
    67                           	global	_PORTC
    68  0007                     _PORTC	set	7
    69                           	global	_TMR0
    70  0001                     _TMR0	set	1
    71                           	global	_GIE
    72  005F                     _GIE	set	95
    73                           	global	_RA4
    74  002C                     _RA4	set	44
    75                           	global	_RA6
    76  002E                     _RA6	set	46
    77                           	global	_RA7
    78  002F                     _RA7	set	47
    79                           	global	_TMR0IE
    80  005D                     _TMR0IE	set	93
    81                           	global	_TMR0IF
    82  005A                     _TMR0IF	set	90
    83                           	global	_OPTION_REG
    84  0081                     _OPTION_REG	set	129
    85                           	global	_OSCCON
    86  0090                     _OSCCON	set	144
    87                           	global	_TRISA
    88  0085                     _TRISA	set	133
    89                           	global	_TRISB
    90  0086                     _TRISB	set	134
    91                           	global	_TRISC
    92  0087                     _TRISC	set	135
    93                           	global	_ANSELA
    94  0185                     _ANSELA	set	389
    95                           	global	_ANSELB
    96  0186                     _ANSELB	set	390
    97                           	file	"C:\Users\taianluo\AppData\Local\Temp\s5ss."
    98                           	line	#
    99                           psect cinit,class=CODE,delta=2
   100                           global start_initialization
   101  00AB                     start_initialization:
   102                           
   103                           psect	bssCOMMON,class=COMMON,space=1
   104                           global __pbssCOMMON
   105  0078                     __pbssCOMMON:
   106  0078                     _VarTmr0:
   107  0078                            ds      4
   108                           
   109                           ; Clear objects allocated to COMMON
   110                           psect cinit,class=CODE,delta=2
   111  00AB  01F8               	clrf	((__pbssCOMMON)+0)&07Fh
   112  00AC  01F9               	clrf	((__pbssCOMMON)+1)&07Fh
   113  00AD  01FA               	clrf	((__pbssCOMMON)+2)&07Fh
   114  00AE  01FB               	clrf	((__pbssCOMMON)+3)&07Fh
   115                           psect cinit,class=CODE,delta=2
   116                           global end_of_initialization
   117                           
   118                           ;End of C runtime variable initialization code
   119                           
   120  00AF                     end_of_initialization:
   121  00AF  0183               clrf status
   122  00B0  118A  2813         ljmp _main	;jump to C main() function
   123                           psect	cstackCOMMON,class=COMMON,space=1
   124                           global __pcstackCOMMON
   125  0070                     __pcstackCOMMON:
   126                           	global	?_Mcu_Initial
   127  0070                     ?_Mcu_Initial:	; 0 bytes @ 0x0
   128                           	global	?_main
   129  0070                     ?_main:	; 0 bytes @ 0x0
   130                           	global	?_ISR
   131  0070                     ?_ISR:	; 0 bytes @ 0x0
   132                           	global	??_ISR
   133  0070                     ??_ISR:	; 0 bytes @ 0x0
   134  0070                     	ds	5
   135                           	global	??_Mcu_Initial
   136  0075                     ??_Mcu_Initial:	; 0 bytes @ 0x5
   137  0075                     	ds	1
   138                           	global	??_main
   139  0076                     ??_main:	; 0 bytes @ 0x6
   140  0076                     	ds	2
   141 ;;Data sizes: Strings 0, constant 0, data 0, bss 4, persistent 1 stack 0
   142 ;;Auto spaces:   Size  Autos    Used
   143 ;; COMMON          14      8      13
   144 ;; BANK0           80      0       0
   145 ;; BANK1           80      0       0
   146 ;; BANK2           16      0       0
   147                           
   148 ;;
   149 ;; Pointer list with targets:
   150                           
   151 ;; Tmr0	PTR struct Timer0 size(1) Largest target is 4
   152 ;;		 -> NULL(NULL[0]), VarTmr0(COMMON[4]), 
   153 ;;
   154                           
   155                           
   156 ;;
   157 ;; Critical Paths under _main in COMMON
   158 ;;
   159 ;;   _main->_Mcu_Initial
   160 ;;
   161 ;; Critical Paths under _ISR in COMMON
   162 ;;
   163 ;;   None.
   164 ;;
   165 ;; Critical Paths under _main in BANK0
   166 ;;
   167 ;;   None.
   168 ;;
   169 ;; Critical Paths under _ISR in BANK0
   170 ;;
   171 ;;   None.
   172 ;;
   173 ;; Critical Paths under _main in BANK1
   174 ;;
   175 ;;   None.
   176 ;;
   177 ;; Critical Paths under _ISR in BANK1
   178 ;;
   179 ;;   None.
   180 ;;
   181 ;; Critical Paths under _main in BANK2
   182 ;;
   183 ;;   None.
   184 ;;
   185 ;; Critical Paths under _ISR in BANK2
   186 ;;
   187 ;;   None.
   188                           
   189 ;;
   190 ;;Main: autosize = 0, tempsize = 2, incstack = 0, save=0
   191 ;;
   192                           
   193 ;;
   194 ;;Call Graph Tables:
   195 ;;
   196 ;; ---------------------------------------------------------------------------------
   197 ;; (Depth) Function   	        Calls       Base Space   Used Autos Params    Refs
   198 ;; ---------------------------------------------------------------------------------
   199 ;; (0) _main                                                 2     2      0       0
   200 ;;                                              6 COMMON     2     2      0
   201 ;;                        _Mcu_Initial
   202 ;; ---------------------------------------------------------------------------------
   203 ;; (1) _Mcu_Initial                                          1     1      0       0
   204 ;;                                              5 COMMON     1     1      0
   205 ;; ---------------------------------------------------------------------------------
   206 ;; Estimated maximum stack depth 1
   207 ;; ---------------------------------------------------------------------------------
   208 ;; (Depth) Function   	        Calls       Base Space   Used Autos Params    Refs
   209 ;; ---------------------------------------------------------------------------------
   210 ;; (2) _ISR                                                  5     5      0       0
   211 ;;                                              0 COMMON     5     5      0
   212 ;; ---------------------------------------------------------------------------------
   213 ;; Estimated maximum stack depth 2
   214 ;; ---------------------------------------------------------------------------------
   215                           
   216 ;; Call Graph Graphs:
   217                           
   218 ;; _main (ROOT)
   219 ;;   _Mcu_Initial
   220 ;;
   221 ;; _ISR (ROOT)
   222 ;;
   223                           
   224 ;; Address spaces:
   225                           
   226 ;;Name               Size   Autos  Total    Cost      Usage
   227 ;;BITCOMMON            E      0       0       0        0.0%
   228 ;;NULL                 0      0       0       0        0.0%
   229 ;;CODE                 0      0       0       0        0.0%
   230 ;;COMMON               E      8       D       1       92.9%
   231 ;;BITSFR0              0      0       0       1        0.0%
   232 ;;SFR0                 0      0       0       1        0.0%
   233 ;;BITSFR1              0      0       0       2        0.0%
   234 ;;SFR1                 0      0       0       2        0.0%
   235 ;;STACK                0      0       1       2        0.0%
   236 ;;ABS                  0      0       D       3        0.0%
   237 ;;BITBANK0            50      0       0       4        0.0%
   238 ;;BITSFR3              0      0       0       4        0.0%
   239 ;;SFR3                 0      0       0       4        0.0%
   240 ;;BANK0               50      0       0       5        0.0%
   241 ;;BITSFR2              0      0       0       5        0.0%
   242 ;;SFR2                 0      0       0       5        0.0%
   243 ;;BITBANK1            50      0       0       6        0.0%
   244 ;;BANK1               50      0       0       7        0.0%
   245 ;;BITBANK2            10      0       0       8        0.0%
   246 ;;BANK2               10      0       0       9        0.0%
   247 ;;DATA                 0      0       E      10        0.0%
   248                           
   249                           	global	_main
   250                           psect	maintext,global,class=CODE,delta=2
   251                           global __pmaintext
   252  0013                     __pmaintext:
   253                           
   254 ;; *************** function _main *****************
   255 ;; Defined at:
   256 ;;		line 7 in file "G:\Program\PIC\Source_File\3.PIR_Ceiling_Thin_V01-3P(20140215)_V1.1\PIR_Ceiling_Thin_V01-3P(20140215
       )_V1.1.c"
   257 ;; Parameters:    Size  Location     Type
   258 ;;		None
   259 ;; Auto vars:     Size  Location     Type
   260 ;;		None
   261 ;; Return value:  Size  Location     Type
   262 ;;		None               void
   263 ;; Registers used:
   264 ;;		wreg, fsr0l, fsr0h, status,2, status,0, pclath, cstack
   265 ;; Tracked objects:
   266 ;;		On entry : 17F/0
   267 ;;		On exit  : 0/0
   268 ;;		Unchanged: 0/0
   269 ;; Data sizes:     COMMON   BANK0   BANK1   BANK2
   270 ;;      Params:         0       0       0       0
   271 ;;      Locals:         0       0       0       0
   272 ;;      Temps:          2       0       0       0
   273 ;;      Totals:         2       0       0       0
   274 ;;Total ram usage:        2 bytes
   275 ;; Hardware stack levels required when called:    2
   276 ;; This function calls:
   277 ;;		_Mcu_Initial
   278 ;; This function is called by:
   279 ;;		Startup code after reset
   280 ;; This function uses a non-reentrant model
   281 ;;
   282                           psect	maintext
   283                           	file	"G:\Program\PIC\Source_File\3.PIR_Ceiling_Thin_V01-3P(20140215)_V1.1\PIR_Ceiling_T
                                 hin_V01-3P(20140215)_V1.1.c"
   284                           	line	7
   285                           	global	__size_of_main
   286  003A                     	__size_of_main	equ	__end_of_main-_main
   287                           	
   288  0013                     _main:	
   289                           	opt	stack 6
   290                           ; Regs used in _main: [wreg-fsr0h+status,2+status,0+pclath+cstack]
   291                           	line	9
   292                           	
   293  0013                     l2797:	
   294                           ;PIR_Ceiling_Thin_V01-3P(20140215)_V1.1.c: 9: Mcu_Initial();
   295  0013  118A  207D  118A   	fcall	_Mcu_Initial
   296  0016  2817               	goto	l2799
   297                           	line	11
   298                           ;PIR_Ceiling_Thin_V01-3P(20140215)_V1.1.c: 11: while(1)
   299                           	
   300  0017                     l809:	
   301                           	line	14
   302                           	
   303  0017                     l2799:	
   304                           ;PIR_Ceiling_Thin_V01-3P(20140215)_V1.1.c: 12: {
   305                           ;PIR_Ceiling_Thin_V01-3P(20140215)_V1.1.c: 14: if(Tmr0->Timeout == 1)
   306  0017  087C               	movf	(_Tmr0),w
   307  0018  0084               	movwf	fsr0
   308  0019  1C00               	btfss	indf,0
   309  001A  281C               	goto	u2171
   310  001B  281D               	goto	u2170
   311  001C                     u2171:
   312  001C  2817               	goto	l2799
   313  001D                     u2170:
   314                           	line	16
   315                           	
   316  001D                     l2801:	
   317                           ;PIR_Ceiling_Thin_V01-3P(20140215)_V1.1.c: 15: {
   318                           ;PIR_Ceiling_Thin_V01-3P(20140215)_V1.1.c: 16: Tmr0->Timeout=0;
   319  001D  087C               	movf	(_Tmr0),w
   320  001E  0084               	movwf	fsr0
   321  001F  1000               	bcf	indf,0
   322                           	line	17
   323                           	
   324  0020                     l2803:	
   325                           ;PIR_Ceiling_Thin_V01-3P(20140215)_V1.1.c: 17: RA4=0;
   326  0020  1283               	bcf	status, 5	;RP0=0, select bank0
   327  0021  1303               	bcf	status, 6	;RP1=0, select bank0
   328  0022  1205               	bcf	(44/8),(44)&7
   329                           	line	18
   330                           	
   331  0023                     l2805:	
   332                           ;PIR_Ceiling_Thin_V01-3P(20140215)_V1.1.c: 18: Tmr0->Count1++;
   333  0023  087C               	movf	(_Tmr0),w
   334  0024  3E02               	addlw	02h
   335  0025  0084               	movwf	fsr0
   336  0026  3001               	movlw	01h
   337  0027  0780               	addwf	indf,f
   338  0028  0A84               	incf	fsr0,f
   339  0029  1803               	skipnc
   340  002A  0A80               	incf	indf,f
   341                           	line	19
   342                           	
   343  002B                     l2807:	
   344                           ;PIR_Ceiling_Thin_V01-3P(20140215)_V1.1.c: 19: if(Tmr0->Count1 == 1000)
   345  002B  087C               	movf	(_Tmr0),w
   346  002C  3E02               	addlw	02h
   347  002D  0084               	movwf	fsr0
   348  002E  0800               	movf	indf,w
   349  002F  00F6               	movwf	(??_main+0)+0+0
   350  0030  0A84               	incf	fsr0,f
   351  0031  0800               	movf	indf,w
   352  0032  00F7               	movwf	(??_main+0)+0+1
   353  0033  3003               	movlw	high(03E8h)
   354  0034  0677               	xorwf	1+(??_main+0)+0,w
   355  0035  1D03               	skipz
   356  0036  2839               	goto	u2185
   357  0037  30E8               	movlw	low(03E8h)
   358  0038  0676               	xorwf	0+(??_main+0)+0,w
   359  0039                     u2185:
   360                           
   361  0039  1D03               	skipz
   362  003A  283C               	goto	u2181
   363  003B  283D               	goto	u2180
   364  003C                     u2181:
   365  003C  2817               	goto	l2799
   366  003D                     u2180:
   367                           	line	21
   368                           	
   369  003D                     l2809:	
   370                           ;PIR_Ceiling_Thin_V01-3P(20140215)_V1.1.c: 20: {
   371                           ;PIR_Ceiling_Thin_V01-3P(20140215)_V1.1.c: 21: Tmr0->Count1=0;
   372  003D  087C               	movf	(_Tmr0),w
   373  003E  3E02               	addlw	02h
   374  003F  0084               	movwf	fsr0
   375  0040  3000               	movlw	low(0)
   376  0041  0080               	movwf	indf
   377  0042  0A84               	incf	fsr0,f
   378  0043  3000               	movlw	high(0)
   379  0044  0080               	movwf	indf
   380                           	line	22
   381                           	
   382  0045                     l2811:	
   383                           ;PIR_Ceiling_Thin_V01-3P(20140215)_V1.1.c: 22: RA7=~RA7;
   384  0045  3080               	movlw	1<<((47)&7)
   385  0046  0685               	xorwf	((47)/8),f
   386  0047  2817               	goto	l2799
   387                           	line	23
   388                           	
   389  0048                     l811:	
   390  0048  2817               	goto	l2799
   391                           	line	24
   392                           	
   393  0049                     l810:	
   394  0049  2817               	goto	l2799
   395                           	line	25
   396                           	
   397  004A                     l812:	
   398                           	line	11
   399  004A  2817               	goto	l2799
   400                           	
   401  004B                     l813:	
   402                           	line	26
   403                           	
   404  004B                     l814:	
   405                           	global	start
   406  004B  118A  2811         	ljmp	start
   407                           	opt stack 0
   408                           GLOBAL	__end_of_main
   409  004D                     	__end_of_main:
   410 ;; =============== function _main ends ============
   411                           
   412                           	signat	_main,88
   413                           	global	_Mcu_Initial
   414                           psect	text67,local,class=CODE,delta=2
   415                           global __ptext67
   416  007D                     __ptext67:
   417                           
   418 ;; *************** function _Mcu_Initial *****************
   419 ;; Defined at:
   420 ;;		line 78 in file "G:\Program\PIC\Source_File\MCU_16F723A-N.c"
   421 ;; Parameters:    Size  Location     Type
   422 ;;		None
   423 ;; Auto vars:     Size  Location     Type
   424 ;;		None
   425 ;; Return value:  Size  Location     Type
   426 ;;		None               void
   427 ;; Registers used:
   428 ;;		wreg, status,2
   429 ;; Tracked objects:
   430 ;;		On entry : 0/0
   431 ;;		On exit  : 0/0
   432 ;;		Unchanged: 0/0
   433 ;; Data sizes:     COMMON   BANK0   BANK1   BANK2
   434 ;;      Params:         0       0       0       0
   435 ;;      Locals:         0       0       0       0
   436 ;;      Temps:          1       0       0       0
   437 ;;      Totals:         1       0       0       0
   438 ;;Total ram usage:        1 bytes
   439 ;; Hardware stack levels used:    1
   440 ;; Hardware stack levels required when called:    1
   441 ;; This function calls:
   442 ;;		Nothing
   443 ;; This function is called by:
   444 ;;		_main
   445 ;; This function uses a non-reentrant model
   446 ;;
   447                           psect	text67
   448                           	file	"G:\Program\PIC\Source_File\MCU_16F723A-N.c"
   449                           	line	78
   450                           	global	__size_of_Mcu_Initial
   451  002E                     	__size_of_Mcu_Initial	equ	__end_of_Mcu_Initial-_Mcu_Initial
   452                           	
   453  007D                     _Mcu_Initial:	
   454                           	opt	stack 6
   455                           ; Regs used in _Mcu_Initial: [wreg+status,2]
   456                           	line	80
   457                           	
   458  007D                     l1999:	
   459                           ;MCU_16F723A-N.c: 80: TRISA=0x2f; TRISB=0x13; TRISC=0x4c; ANSELA=0x07; ANSELB=0x11; PORT
                                 A=0x2f; PORTB=0x13; PORTC=0x4c;
   460  007D  302F               	movlw	(02Fh)
   461  007E  1683               	bsf	status, 5	;RP0=1, select bank1
   462  007F  1303               	bcf	status, 6	;RP1=0, select bank1
   463  0080  0085               	movwf	(133)^080h	;volatile
   464  0081  3013               	movlw	(013h)
   465  0082  0086               	movwf	(134)^080h	;volatile
   466  0083  304C               	movlw	(04Ch)
   467  0084  0087               	movwf	(135)^080h	;volatile
   468  0085  3007               	movlw	(07h)
   469  0086  1683               	bsf	status, 5	;RP0=1, select bank3
   470  0087  1703               	bsf	status, 6	;RP1=1, select bank3
   471  0088  0085               	movwf	(389)^0180h	;volatile
   472  0089  3011               	movlw	(011h)
   473  008A  0086               	movwf	(390)^0180h	;volatile
   474  008B  302F               	movlw	(02Fh)
   475  008C  1283               	bcf	status, 5	;RP0=0, select bank0
   476  008D  1303               	bcf	status, 6	;RP1=0, select bank0
   477  008E  0085               	movwf	(5)	;volatile
   478  008F  3013               	movlw	(013h)
   479  0090  0086               	movwf	(6)	;volatile
   480  0091  304C               	movlw	(04Ch)
   481  0092  0087               	movwf	(7)	;volatile
   482                           	line	83
   483                           ;MCU_16F723A-N.c: 83: OSCCON=0x3c;
   484  0093  303C               	movlw	(03Ch)
   485  0094  1683               	bsf	status, 5	;RP0=1, select bank1
   486  0095  1303               	bcf	status, 6	;RP1=0, select bank1
   487  0096  0090               	movwf	(144)^080h	;volatile
   488                           	line	86
   489                           ;MCU_16F723A-N.c: 86: Tmr0=&VarTmr0; GIE=1; TMR0IE=1; TMR0IF=0; RA7=1; RA6=1; RA4=0; OPT
                                 ION_REG=0x00;; TMR0=(256-100);;
   490  0097  3078               	movlw	(_VarTmr0)&0ffh
   491  0098  00F5               	movwf	(??_Mcu_Initial+0)+0
   492  0099  0875               	movf	(??_Mcu_Initial+0)+0,w
   493  009A  00FC               	movwf	(_Tmr0)
   494                           	
   495  009B                     l2001:	
   496  009B  178B               	bsf	(95/8),(95)&7
   497                           	
   498  009C                     l2003:	
   499  009C  168B               	bsf	(93/8),(93)&7
   500                           	
   501  009D                     l2005:	
   502  009D  110B               	bcf	(90/8),(90)&7
   503                           	
   504  009E                     l2007:	
   505  009E  1283               	bcf	status, 5	;RP0=0, select bank0
   506  009F  1303               	bcf	status, 6	;RP1=0, select bank0
   507  00A0  1785               	bsf	(47/8),(47)&7
   508                           	
   509  00A1                     l2009:	
   510  00A1  1705               	bsf	(46/8),(46)&7
   511                           	
   512  00A2                     l2011:	
   513  00A2  1205               	bcf	(44/8),(44)&7
   514                           	
   515  00A3                     l2013:	
   516  00A3  1683               	bsf	status, 5	;RP0=1, select bank1
   517  00A4  1303               	bcf	status, 6	;RP1=0, select bank1
   518  00A5  0181               	clrf	(129)^080h	;volatile
   519                           	
   520  00A6                     l2015:	
   521  00A6  309C               	movlw	(09Ch)
   522  00A7  1283               	bcf	status, 5	;RP0=0, select bank0
   523  00A8  1303               	bcf	status, 6	;RP1=0, select bank0
   524  00A9  0081               	movwf	(1)	;volatile
   525                           	line	114
   526                           	
   527  00AA                     l1626:	
   528  00AA  0008               	return
   529                           	opt stack 0
   530                           GLOBAL	__end_of_Mcu_Initial
   531  00AB                     	__end_of_Mcu_Initial:
   532 ;; =============== function _Mcu_Initial ends ============
   533                           
   534                           	signat	_Mcu_Initial,88
   535                           	global	_ISR
   536                           psect	text68,local,class=CODE,delta=2
   537                           global __ptext68
   538  004D                     __ptext68:
   539                           
   540 ;; *************** function _ISR *****************
   541 ;; Defined at:
   542 ;;		line 13 in file "G:\Program\PIC\Source_File\MCU_16F723A-N.c"
   543 ;; Parameters:    Size  Location     Type
   544 ;;		None
   545 ;; Auto vars:     Size  Location     Type
   546 ;;		None
   547 ;; Return value:  Size  Location     Type
   548 ;;		None               void
   549 ;; Registers used:
   550 ;;		wreg, fsr0l, fsr0h, status,2, status,0
   551 ;; Tracked objects:
   552 ;;		On entry : 0/0
   553 ;;		On exit  : 0/0
   554 ;;		Unchanged: 0/0
   555 ;; Data sizes:     COMMON   BANK0   BANK1   BANK2
   556 ;;      Params:         0       0       0       0
   557 ;;      Locals:         0       0       0       0
   558 ;;      Temps:          5       0       0       0
   559 ;;      Totals:         5       0       0       0
   560 ;;Total ram usage:        5 bytes
   561 ;; Hardware stack levels used:    1
   562 ;; This function calls:
   563 ;;		Nothing
   564 ;; This function is called by:
   565 ;;		Interrupt level 1
   566 ;; This function uses a non-reentrant model
   567 ;;
   568                           psect	text68
   569                           	file	"G:\Program\PIC\Source_File\MCU_16F723A-N.c"
   570                           	line	13
   571                           	global	__size_of_ISR
   572  0030                     	__size_of_ISR	equ	__end_of_ISR-_ISR
   573                           	
   574  004D                     _ISR:	
   575                           	opt	stack 6
   576                           ; Regs used in _ISR: [wreg-fsr0h+status,2+status,0]
   577                           psect	intentry,class=CODE,delta=2
   578                           global __pintentry
   579  0004                     __pintentry:
   580                           global interrupt_function
   581  0004                     interrupt_function:
   582                           	global saved_w
   583  007E                     	saved_w	set	btemp+0
   584  0004  00FE               	movwf	saved_w
   585  0005  0E03               	swapf	status,w
   586  0006  00F1               	movwf	(??_ISR+1)
   587  0007  0804               	movf	fsr0,w
   588  0008  00F2               	movwf	(??_ISR+2)
   589  0009  080A               	movf	pclath,w
   590  000A  00F3               	movwf	(??_ISR+3)
   591  000B  1283               	bcf	status, 5	;RP0=0, select bank0
   592  000C  1303               	bcf	status, 6	;RP1=0, select bank0
   593  000D  087F               	movf	btemp+1,w
   594  000E  00F4               	movwf	(??_ISR+4)
   595  000F  118A  284D         	ljmp	_ISR
   596                           psect	text68
   597                           	line	14
   598                           	
   599  004D                     i1l2017:	
   600                           ;MCU_16F723A-N.c: 14: RA4=1;
   601  004D  1605               	bsf	(44/8),(44)&7
   602                           	line	15
   603                           ;MCU_16F723A-N.c: 15: if(TMR0IE && TMR0IF)
   604  004E  1E8B               	btfss	(93/8),(93)&7
   605  004F  2851               	goto	u1_21
   606  0050  2852               	goto	u1_20
   607  0051                     u1_21:
   608  0051  2872               	goto	i1l1623
   609  0052                     u1_20:
   610                           	
   611  0052                     i1l2019:	
   612  0052  1D0B               	btfss	(90/8),(90)&7
   613  0053  2855               	goto	u2_21
   614  0054  2856               	goto	u2_20
   615  0055                     u2_21:
   616  0055  2872               	goto	i1l1623
   617  0056                     u2_20:
   618                           	line	17
   619                           	
   620  0056                     i1l2021:	
   621                           ;MCU_16F723A-N.c: 16: {
   622                           ;MCU_16F723A-N.c: 17: TMR0=(256-100);;
   623  0056  309C               	movlw	(09Ch)
   624  0057  0081               	movwf	(1)	;volatile
   625                           	line	18
   626                           	
   627  0058                     i1l2023:	
   628                           ;MCU_16F723A-N.c: 18: TMR0IF=0;
   629  0058  110B               	bcf	(90/8),(90)&7
   630                           	line	20
   631                           	
   632  0059                     i1l2025:	
   633                           ;MCU_16F723A-N.c: 20: Tmr0->Count++;
   634  0059  3001               	movlw	(01h)
   635  005A  00F0               	movwf	(??_ISR+0)+0
   636  005B  087C               	movf	(_Tmr0),w
   637  005C  3E01               	addlw	01h
   638  005D  0084               	movwf	fsr0
   639  005E  0870               	movf	(??_ISR+0)+0,w
   640  005F  0780               	addwf	indf,f
   641                           	line	21
   642                           	
   643  0060                     i1l2027:	
   644                           ;MCU_16F723A-N.c: 21: if(Tmr0->Count == 20)
   645  0060  087C               	movf	(_Tmr0),w
   646  0061  3E01               	addlw	01h
   647  0062  0084               	movwf	fsr0
   648  0063  0800               	movf	indf,w
   649  0064  3A14               	xorlw	014h
   650  0065  1D03               	skipz
   651  0066  2868               	goto	u3_21
   652  0067  2869               	goto	u3_20
   653  0068                     u3_21:
   654  0068  2872               	goto	i1l1623
   655  0069                     u3_20:
   656                           	line	23
   657                           	
   658  0069                     i1l2029:	
   659                           ;MCU_16F723A-N.c: 22: {
   660                           ;MCU_16F723A-N.c: 23: Tmr0->Count=0;
   661  0069  087C               	movf	(_Tmr0),w
   662  006A  3E01               	addlw	01h
   663  006B  0084               	movwf	fsr0
   664  006C  0180               	clrf	indf
   665                           	line	24
   666                           ;MCU_16F723A-N.c: 24: Tmr0->Timeout=1;
   667  006D  087C               	movf	(_Tmr0),w
   668  006E  0084               	movwf	fsr0
   669  006F  1400               	bsf	indf,0
   670  0070  2872               	goto	i1l1623
   671                           	line	25
   672                           	
   673  0071                     i1l1622:	
   674  0071  2872               	goto	i1l1623
   675                           	line	45
   676                           	
   677  0072                     i1l1621:	
   678                           	line	73
   679                           	
   680  0072                     i1l1623:	
   681  0072  0874               	movf	(??_ISR+4),w
   682  0073  00FF               	movwf	btemp+1
   683  0074  0873               	movf	(??_ISR+3),w
   684  0075  008A               	movwf	pclath
   685  0076  0872               	movf	(??_ISR+2),w
   686  0077  0084               	movwf	fsr0
   687  0078  0E71               	swapf	(??_ISR+1)^0FFFFFF80h,w
   688  0079  0083               	movwf	status
   689  007A  0EFE               	swapf	saved_w,f
   690  007B  0E7E               	swapf	saved_w,w
   691  007C  0009               	retfie
   692                           	opt stack 0
   693                           GLOBAL	__end_of_ISR
   694  007D                     	__end_of_ISR:
   695 ;; =============== function _ISR ends ============
   696                           
   697                           	signat	_ISR,88
   698                           psect	text69,local,class=CODE,delta=2
   699                           global __ptext69
   700  0000                     __ptext69:
   701                           	global	btemp
   702  007E                     	btemp set 07Eh
   703                           
   704                           	DABS	1,126,2	;btemp
   705                           	global	wtemp0
   706  007E                     	wtemp0 set btemp


HI-TECH Software PICC Macro Assembler V9.83 build 10920 
Symbol Table                                                                                   Wed Apr 30 15:50:39 2014

                 l810 0049                   l811 0048                   l812 004A                   l813 004B  
                 l814 004B                   l809 0017                   _GIE 005F                   _RA4 002C  
                 _RA6 002E                   _RA7 002F                   _ISR 004D                   fsr0 0004  
                 indf 0000                  ?_ISR 0070                  l2001 009B                  l2011 00A2  
                l2003 009C                  l2013 00A3                  l2005 009D                  l2015 00A6  
                l2007 009E                  l2009 00A1                  l1626 00AA                  l2801 001D  
                l2811 0045                  l2803 0020                  l2805 0023                  l2807 002B  
                l2809 003D         ??_Mcu_Initial 0075                  l2797 0013                  l1999 007D  
                l2799 0017                  u2170 001D                  u2171 001C                  u2180 003D  
                u2181 003C                  u2185 0039                  _TMR0 0001                  u1_20 0052  
                u1_21 0051                  u2_20 0056                  u2_21 0055                  u3_20 0069  
                u3_21 0068                  _Tmr0 007C                  _main 0013                  btemp 007E  
                start 0011                 ??_ISR 0070                 ?_main 0070                 _PORTA 0005  
               _PORTB 0006                 _PORTC 0007                 _TRISA 0085                 _TRISB 0086  
               _TRISC 0087                 pclath 000A                 status 0003                 wtemp0 007E  
 __end_of_Mcu_Initial 00AB          __end_of_main 004D                ??_main 0076                _ANSELA 0185  
              _ANSELB 0186                i1l2021 0056                i1l2023 0058                i1l2025 0059  
              i1l2017 004D                i1l2027 0060                i1l2019 0052                i1l2029 0069  
              i1l1621 0072                i1l1622 0071                i1l1623 0072                _OSCCON 0090  
              _TMR0IE 005D                _TMR0IF 005A                saved_w 007E           _Mcu_Initial 007D  
      __pcstackCOMMON 0070            __pnvCOMMON 007C            __pmaintext 0013            __pintentry 0004  
             _VarTmr0 0078          __size_of_ISR 0030  end_of_initialization 00AF          ?_Mcu_Initial 0070  
 start_initialization 00AB           __end_of_ISR 007D           __pbssCOMMON 0078     interrupt_function 0004  
__size_of_Mcu_Initial 002E              __ptext67 007D              __ptext68 004D              __ptext69 0000  
       __size_of_main 003A              intlevel1 0000            _OPTION_REG 0081  
