

HI-TECH Software PIC Macro Assembler V9.83 build 10920 
                                                                                                           Mon Sep 15 11:55:00 2014


     1                           
     2                           	; HI-TECH C Compiler for PIC10/12/16 MCUs V9.83
     3                           	; Copyright (C) 1984-2011 HI-TECH Software
     4                           
     5                           	; Auto-generated runtime startup code for final link stage.
     6                           
     7                           	;
     8                           	; Compiler options:
     9                           	;
    10                           	; -oSwitch_1Key_Dimmer_V1.1.2.cof -mSwitch_1Key_Dimmer_V1.1.2.map \
    11                           	; --summary=default --output=default Buzzer_B1.p1 CC2500_B1.p1 \
    12                           	; CDS_B1.p1 DelayOff_B1.p1 Dimmer_B1.p1 LED_B1.p1 main.p1 \
    13                           	; MCU_16f1518_B1.p1 OverLoad_B1.p1 OverTemperature_B1.p1 PIR_B1.p1 \
    14                           	; PowerFault_B1.p1 RF_Control_B1.p1 Switch_B1.p1 SYSC_B1.p1 \
    15                           	; TriacRelay_B1.p1 --chip=16F1518 \
    16                           	; -IC:\Users\taianluo\Documents\GitHub\myPicCode\Header_File \
    17                           	; -IC:\Users\taianluo\Documents\GitHub\myPicCode\10.Switch_1Key_Dimmer\Switch_1Key_Dimmer_V1.1.2\Re
                                 lease \
    18                           	; -P --runtime=default --opt=default -D__DEBUG=1 -g --asmlist \
    19                           	; --errformat=Error   [%n] %f; %l.%c %s --msgformat=Advisory[%n] %s \
    20                           	; --warnformat=Warning [%n] %f; %l.%c %s
    21                           	;
    22                           
    23                           
    24                           	processor	16F1518
    25                           
    26                           	global	_main,start,_exit,reset_vec
    27                           	fnroot	_main
    28                           	psect	config,class=CONFIG,delta=2
    29                           	psect	idloc,class=IDLOC,delta=2
    30                           	psect	code,class=CODE,delta=2
    31                           	psect	powerup,class=CODE,delta=2
    32                           	psect	reset_vec,class=CODE,delta=2
    33                           	psect	maintext,class=CODE,delta=2
    34  0000                     	C	set	0
    35  0002                     	Z	set	2
    36  0002                     	PCL	set	2
    37  0000                     	INDF	set	0
    38                           
    39  0003                     	STATUS	equ	3
    40  0008                     	BSR	equ	8
    41  000A                     	PCLATH	equ	0Ah
    42                           	psect	eeprom_data,class=EEDATA,delta=2,space=2
    43                           	psect	strings,class=CODE,delta=2,reloc=256
    44                           	psect	intentry,class=CODE,delta=2
    45                           	psect	functab,class=CODE,delta=2
    46                           	global	intlevel0,intlevel1,intlevel2, intlevel3, intlevel4, intlevel5
    47  0000                     intlevel0:
    48  0000                     intlevel1:
    49  0000                     intlevel2:
    50  0000                     intlevel3:
    51  0000                     intlevel4:
    52  0000                     intlevel5:
    53                           	psect	init,class=CODE,delta=2
    54                           	psect	cinit,class=CODE,delta=2
    55                           	psect	text,class=CODE,delta=2
    56                           	psect	end_init,class=CODE,delta=2
    57                           	psect	clrtext,class=CODE,delta=2
    58  0000                     	INDF0	set	0
    59  0001                     	INDF1	set	1
    60  0002                     	PCL	set	2
    61  0003                     	STATUS	set	3
    62  0004                     	FSR0L	set	4
    63  0005                     	FSR0H	set	5
    64  0006                     	FSR1L	set	6
    65  0007                     	FSR1H	set	7
    66  0008                     	BSR	set	8
    67  0009                     	WREG	set	9
    68  000A                     	PCLATH	set	10
    69  000B                     	INTCON	set	11
    70                           
    71                           	psect	reset_vec
    72  0000                     reset_vec:
    73                           	; No powerup routine
    74                           	global start
    75                           
    76                           ; jump to start
    77  0000  3180  2815         	ljmp	start
    78                           
    79                           
    80                           	psect	init
    81  0015                     start
    82  0015                     _exit
    83                           	psect	end_init
    84  0015  0188               	clrf	BSR
    85                           	global start_initialization
    86  0016  31A7  2F8E         	ljmp start_initialization	;jump to C runtime clear & initialization


HI-TECH Software PICC Macro Assembler V9.83 build 10920 
Symbol Table                                                                                               Mon Sep 15 11:55:00 2014

                 BSR 0008                 _main 1F87                 _exit 0015                 start 0015  
start_initialization 278E             intlevel0 0000             intlevel1 0000             intlevel2 0000  
           intlevel3 0000             intlevel4 0000             intlevel5 0000             reset_vec 0000  
