

Microchip Technology PIC LITE Macro Assembler V1.32 build 58300 
                                                                                               Thu Oct 02 17:24:54 2014

Microchip Technology Omniscient Code Generator (Lite mode) build 58300
     1                           	processor	16F723A
     2                           	opt	pw 120
     3                           	opt	lm
     4                           	psect	text0,local,class=CODE,merge=1,delta=2
     5                           	psect	cinit,global,class=CODE,merge=1,delta=2
     6                           	psect	bssCOMMON,global,class=COMMON,space=1,delta=1
     7                           	psect	cstackCOMMON,global,class=COMMON,space=1,delta=1
     8                           	psect	cstackBANK0,global,class=BANK0,space=1,delta=1
     9                           	psect	maintext,global,class=CODE,split=1,delta=2
    10                           	psect	text1,local,class=CODE,merge=1,delta=2
    11                           	psect	text2,local,class=CODE,merge=1,delta=2
    12                           	psect	intentry,global,class=CODE,delta=2
    13                           	dabs	1,0x7E,2
    14  0000                     	;# 
    15  0001                     	;# 
    16  0002                     	;# 
    17  0003                     	;# 
    18  0004                     	;# 
    19  0005                     	;# 
    20  0006                     	;# 
    21  0007                     	;# 
    22  0009                     	;# 
    23  000A                     	;# 
    24  000B                     	;# 
    25  000C                     	;# 
    26  000D                     	;# 
    27  000E                     	;# 
    28  000E                     	;# 
    29  000F                     	;# 
    30  0010                     	;# 
    31  0011                     	;# 
    32  0012                     	;# 
    33  0013                     	;# 
    34  0014                     	;# 
    35  0015                     	;# 
    36  0015                     	;# 
    37  0016                     	;# 
    38  0017                     	;# 
    39  0018                     	;# 
    40  0019                     	;# 
    41  001A                     	;# 
    42  001B                     	;# 
    43  001B                     	;# 
    44  001C                     	;# 
    45  001D                     	;# 
    46  001E                     	;# 
    47  001F                     	;# 
    48  0081                     	;# 
    49  0085                     	;# 
    50  0086                     	;# 
    51  0087                     	;# 
    52  0089                     	;# 
    53  008C                     	;# 
    54  008D                     	;# 
    55  008E                     	;# 
    56  008F                     	;# 
    57  0090                     	;# 
    58  0091                     	;# 
    59  0092                     	;# 
    60  0093                     	;# 
    61  0093                     	;# 
    62  0094                     	;# 
    63  0095                     	;# 
    64  0095                     	;# 
    65  0096                     	;# 
    66  0096                     	;# 
    67  0098                     	;# 
    68  0099                     	;# 
    69  009C                     	;# 
    70  009D                     	;# 
    71  009F                     	;# 
    72  0108                     	;# 
    73  0109                     	;# 
    74  010C                     	;# 
    75  010C                     	;# 
    76  010D                     	;# 
    77  010D                     	;# 
    78  010E                     	;# 
    79  010F                     	;# 
    80  0185                     	;# 
    81  0186                     	;# 
    82  018C                     	;# 
    83  0005                     _PORTA	set	5
    84  005D                     _TMR0IE	set	93
    85  005A                     _TMR0IF	set	90
    86  0085                     _TRISA	set	133
    87  0185                     _ANSELA	set	389
    88                           
    89                           	psect	text0
    90  0000                     __ptext0:	
    91                           ; #config settings
    92                           
    93                           
    94                           ;psect for function _ISR
    95  0000                     
    96                           	psect	cinit
    97  0013                     start_initialization:	
    98  0013                     __initialization:	
    99                           
   100                           ; Clear objects allocated to COMMON
   101  0013  01F9               	clrf	__pbssCOMMON& (0+127)
   102  0014                     end_of_initialization:	
   103                           ;End of C runtime variable initialization code
   104                           
   105  0014                     __end_of__initialization:	
   106  0014  0183               	clrf	3
   107  0015  118A  2817         	ljmp	_main	;jump to C main() function
   108                           
   109                           	psect	bssCOMMON
   110  0079                     __pbssCOMMON:	
   111  0079                     _var:	
   112  0079                     	ds	1
   113                           
   114                           	psect	cstackCOMMON
   115  0070                     __pcstackCOMMON:	
   116  0070                     ?_initialization:	
   117  0070                     ?_ISR:	
   118                           ; 0 bytes @ 0x0
   119                           
   120  0070                     ??_ISR:	
   121                           ; 0 bytes @ 0x0
   122                           
   123                           
   124                           ; 0 bytes @ 0x0
   125  0070                     	ds	4
   126  0074                     ??_initialization:	
   127  0074                     ?_main:	
   128                           ; 0 bytes @ 0x4
   129                           
   130  0074                     main@argc:	
   131                           ; 2 bytes @ 0x4
   132                           
   133                           
   134                           ; 2 bytes @ 0x4
   135  0074                     	ds	2
   136  0076                     main@argv:	
   137                           
   138                           ; 2 bytes @ 0x6
   139  0076                     	ds	2
   140  0078                     ??_main:	
   141                           
   142                           ; 0 bytes @ 0x8
   143  0078                     	ds	1
   144                           
   145                           	psect	cstackBANK0
   146  0020                     __pcstackBANK0:	
   147  0020                     main@j:	
   148                           
   149                           ; 1 bytes @ 0x0
   150  0020                     	ds	1
   151  0021                     main@i:	
   152                           
   153                           ; 2 bytes @ 0x1
   154  0021                     	ds	2
   155                           
   156                           	psect	maintext
   157  0017                     __pmaintext:	
   158 ;;
   159 ;;Main: autosize = 0, tempsize = 1, incstack = 0, save=0
   160 ;;
   161 ;; *************** function _main *****************
   162 ;; Defined at:
   163 ;;		line 19 in file "C:/Users/taianluo/Documents/GitHub/myPicCode/myPic/source/main.c"
   164 ;; Parameters:    Size  Location     Type
   165 ;;  argc            2    4[COMMON] int 
   166 ;;  argv            2    6[COMMON] PTR PTR unsigned char 
   167 ;; Auto vars:     Size  Location     Type
   168 ;;  i               2    1[BANK0 ] int 
   169 ;;  j               1    0[BANK0 ] unsigned char 
   170 ;; Return value:  Size  Location     Type
   171 ;;                  2    4[COMMON] int 
   172 ;; Registers used:
   173 ;;		wreg, status,2, status,0, btemp+1, pclath, cstack
   174 ;; Tracked objects:
   175 ;;		On entry : 17F/0
   176 ;;		On exit  : 0/0
   177 ;;		Unchanged: 0/0
   178 ;; Data sizes:     COMMON   BANK0   BANK1   BANK2
   179 ;;      Params:         4       0       0       0
   180 ;;      Locals:         0       3       0       0
   181 ;;      Temps:          1       0       0       0
   182 ;;      Totals:         5       3       0       0
   183 ;;Total ram usage:        8 bytes
   184 ;; Hardware stack levels required when called:    2
   185 ;; This function calls:
   186 ;;		_initialization
   187 ;; This function is called by:
   188 ;;		Startup code after reset
   189 ;; This function uses a non-reentrant model
   190 ;;
   191                           
   192                           
   193                           ;psect for function _main
   194  0017                     _main:	
   195                           
   196                           ;main.c: 20: char j = 0;
   197                           
   198                           ;incstack = 0
   199                           ; Regs used in _main: [wreg+status,2+status,0+btemp+1+pclath+cstack]
   200  0017  1283               	bcf	3,5	;RP0=0, select bank0
   201  0018  1303               	bcf	3,6	;RP1=0, select bank0
   202  0019  01A0               	clrf	main@j
   203                           
   204                           ;main.c: 21: initialization();
   205  001A  118A  204A  118A   	fcall	_initialization
   206  001D                     l434:	
   207                           ;main.c: 23: while (1) {
   208                           
   209                           
   210                           ;main.c: 25: for (int i = 0; i < 10; i++) {
   211  001D  1283               	bcf	3,5	;RP0=0, select bank0
   212  001E  1303               	bcf	3,6	;RP1=0, select bank0
   213  001F  01A1               	clrf	main@i
   214  0020  01A2               	clrf	main@i+1
   215  0021                     L1:	
   216  0021  0822               	movf	main@i+1,w
   217  0022  3A80               	xorlw	128
   218  0023  00FF               	movwf	127
   219  0024  3080               	movlw	128
   220  0025  027F               	subwf	127,w
   221  0026  1D03               	skipz
   222  0027  282A               	goto	u55
   223  0028  300A               	movlw	10
   224  0029  0221               	subwf	main@i,w
   225  002A                     u55:	
   226  002A  1803               	btfsc	3,0
   227  002B  281D               	goto	l434
   228                           
   229                           ;main.c: 26: j += i;
   230  002C  1283               	bcf	3,5	;RP0=0, select bank0
   231  002D  1303               	bcf	3,6	;RP1=0, select bank0
   232  002E  0821               	movf	main@i,w
   233  002F  00F8               	movwf	??_main
   234  0030  0878               	movf	??_main,w
   235  0031  07A0               	addwf	main@j,f
   236                           
   237                           ;main.c: 27: PORTA = 0b1111111;
   238  0032  307F               	movlw	127
   239  0033  0085               	movwf	5	;volatile
   240  0034  3001               	movlw	1
   241  0035  07A1               	addwf	main@i,f
   242  0036  1803               	skipnc
   243  0037  0AA2               	incf	main@i+1,f
   244  0038  3000               	movlw	0
   245  0039  07A2               	addwf	main@i+1,f
   246  003A  2821               	goto	L1
   247  003B                     __end_of_main:	
   248                           ;main.c: 30: }
   249                           ;main.c: 32: return (0);
   250                           ;	Return value of _main is never used
   251                           
   252                           ;main.c: 28: }
   253                           ;main.c: 29: continue;
   254                           
   255                           
   256                           	psect	text1
   257  004A                     __ptext1:	
   258 ;; *************** function _initialization *****************
   259 ;; Defined at:
   260 ;;		line 35 in file "C:/Users/taianluo/Documents/GitHub/myPicCode/myPic/source/main.c"
   261 ;; Parameters:    Size  Location     Type
   262 ;;		None
   263 ;; Auto vars:     Size  Location     Type
   264 ;;		None
   265 ;; Return value:  Size  Location     Type
   266 ;;		None               void
   267 ;; Registers used:
   268 ;;		status,2
   269 ;; Tracked objects:
   270 ;;		On entry : 0/0
   271 ;;		On exit  : 0/0
   272 ;;		Unchanged: 0/0
   273 ;; Data sizes:     COMMON   BANK0   BANK1   BANK2
   274 ;;      Params:         0       0       0       0
   275 ;;      Locals:         0       0       0       0
   276 ;;      Temps:          0       0       0       0
   277 ;;      Totals:         0       0       0       0
   278 ;;Total ram usage:        0 bytes
   279 ;; Hardware stack levels used:    1
   280 ;; Hardware stack levels required when called:    1
   281 ;; This function calls:
   282 ;;		Nothing
   283 ;; This function is called by:
   284 ;;		_main
   285 ;; This function uses a non-reentrant model
   286 ;;
   287                           
   288                           
   289                           ;psect for function _initialization
   290  004A                     _initialization:	
   291                           
   292                           ;main.c: 36: ANSELA = 0x00;
   293                           
   294                           ;incstack = 0
   295                           ; Regs used in _initialization: [status,2]
   296  004A  1683               	bsf	3,5	;RP0=1, select bank3
   297  004B  1703               	bsf	3,6	;RP1=1, select bank3
   298  004C  0185               	clrf	5	;volatile
   299                           
   300                           ;main.c: 37: TRISA = 0x00;
   301  004D  1683               	bsf	3,5	;RP0=1, select bank1
   302  004E  1303               	bcf	3,6	;RP1=0, select bank1
   303  004F  0185               	clrf	5	;volatile
   304                           
   305                           ;main.c: 38: PORTA = 0x00;
   306  0050  1283               	bcf	3,5	;RP0=0, select bank0
   307  0051  1303               	bcf	3,6	;RP1=0, select bank0
   308  0052  0185               	clrf	5	;volatile
   309  0053  0008               	return
   310  0054                     __end_of_initialization:	
   311                           
   312                           	psect	text2
   313  003B                     __ptext2:	
   314 ;; *************** function _ISR *****************
   315 ;; Defined at:
   316 ;;		line 41 in file "C:/Users/taianluo/Documents/GitHub/myPicCode/myPic/source/main.c"
   317 ;; Parameters:    Size  Location     Type
   318 ;;		None
   319 ;; Auto vars:     Size  Location     Type
   320 ;;		None
   321 ;; Return value:  Size  Location     Type
   322 ;;		None               void
   323 ;; Registers used:
   324 ;;		None
   325 ;; Tracked objects:
   326 ;;		On entry : 0/0
   327 ;;		On exit  : 0/0
   328 ;;		Unchanged: 0/0
   329 ;; Data sizes:     COMMON   BANK0   BANK1   BANK2
   330 ;;      Params:         0       0       0       0
   331 ;;      Locals:         0       0       0       0
   332 ;;      Temps:          4       0       0       0
   333 ;;      Totals:         4       0       0       0
   334 ;;Total ram usage:        4 bytes
   335 ;; Hardware stack levels used:    1
   336 ;; This function calls:
   337 ;;		Nothing
   338 ;; This function is called by:
   339 ;;		Interrupt level 1
   340 ;; This function uses a non-reentrant model
   341 ;;
   342                           
   343                           
   344                           ;psect for function _ISR
   345  003B                     _ISR:	
   346                           
   347                           ;main.c: 42: if (TMR0IE && TMR0IF) {
   348  003B  1A8B               	btfsc	11,5	;volatile
   349  003C  1D0B               	btfss	11,2	;volatile
   350  003D  283F               	goto	i1l29
   351                           
   352                           ;main.c: 43: TMR0IF = 0;
   353  003E  110B               	bcf	11,2	;volatile
   354  003F                     i1l29:	
   355  003F  0873               	movf	??_ISR+3,w
   356  0040  00FF               	movwf	127
   357  0041  0872               	movf	??_ISR+2,w
   358  0042  008A               	movwf	10
   359  0043  0871               	movf	??_ISR+1,w
   360  0044  0084               	movwf	4
   361  0045  0E70               	swapf	??_ISR^(0+-128),w
   362  0046  0083               	movwf	3
   363  0047  0EFE               	swapf	126,f
   364  0048  0E7E               	swapf	126,w
   365  0049  0009               	retfie
   366  004A                     __end_of_ISR:	
   367  007E                     btemp	set	126	;btemp
   368  007E                     wtemp	set	126
   369  007E                     wtemp0	set	126
   370  0080                     wtemp1	set	128
   371  0082                     wtemp2	set	130
   372  0084                     wtemp3	set	132
   373  0086                     wtemp4	set	134
   374  0088                     wtemp5	set	136
   375  007F                     wtemp6	set	127
   376  007E                     ttemp	set	126
   377  007E                     ttemp0	set	126
   378  0081                     ttemp1	set	129
   379  0084                     ttemp2	set	132
   380  0087                     ttemp3	set	135
   381  007F                     ttemp4	set	127
   382  007E                     ltemp	set	126
   383  007E                     ltemp0	set	126
   384  0082                     ltemp1	set	130
   385  0086                     ltemp2	set	134
   386  0080                     ltemp3	set	128
   387                           
   388                           	psect	intentry
   389  0004                     __pintentry:	
   390                           ;incstack = 0
   391                           ; Regs used in _ISR: []
   392                           
   393  0004                     interrupt_function:	
   394  007E                     saved_w	set	btemp
   395  0004  00FE               	movwf	btemp
   396  0005  0E03               	swapf	3,w
   397  0006  00F0               	movwf	??_ISR
   398  0007  0804               	movf	4,w
   399  0008  00F1               	movwf	??_ISR+1
   400  0009  080A               	movf	10,w
   401  000A  00F2               	movwf	??_ISR+2
   402  000B  1283               	bcf	3,5	;RP0=0, select bank0
   403  000C  1303               	bcf	3,6	;RP1=0, select bank0
   404  000D  087F               	movf	btemp+1,w
   405  000E  00F3               	movwf	??_ISR+3
   406  000F  118A  283B         	ljmp	_ISR


Data Sizes:
    Strings     0
    Constant    0
    Data        0
    BSS         1
    Persistent  0
    Stack       0

Auto Spaces:
    Space          Size  Autos    Used
    COMMON           14      9      10
    BANK0            80      3       3
    BANK1            80      0       0
    BANK2            16      0       0

Pointer List with Targets:

    None.

Critical Paths under _main in COMMON

    None.

Critical Paths under _ISR in COMMON

    None.

Critical Paths under _main in BANK0

    None.

Critical Paths under _ISR in BANK0

    None.

Critical Paths under _main in BANK1

    None.

Critical Paths under _ISR in BANK1

    None.

Critical Paths under _main in BANK2

    None.

Critical Paths under _ISR in BANK2

    None.

Call Graph Tables:

 ---------------------------------------------------------------------------------
 (Depth) Function   	        Calls       Base Space   Used Autos Params    Refs
 ---------------------------------------------------------------------------------
 (0) _main                                                 8     4      4      70
                                              4 COMMON     5     1      4
                                              0 BANK0      3     3      0
                     _initialization
 ---------------------------------------------------------------------------------
 (1) _initialization                                       0     0      0       0
 ---------------------------------------------------------------------------------
 Estimated maximum stack depth 1
 ---------------------------------------------------------------------------------
 (Depth) Function   	        Calls       Base Space   Used Autos Params    Refs
 ---------------------------------------------------------------------------------
 (2) _ISR                                                  4     4      0       0
                                              0 COMMON     4     4      0
 ---------------------------------------------------------------------------------
 Estimated maximum stack depth 2
 ---------------------------------------------------------------------------------

 Call Graph Graphs:

 _main (ROOT)
   _initialization

 _ISR (ROOT)

 Address spaces:
Name               Size   Autos  Total    Cost      Usage
BITCOMMON            E      0       0       0        0.0%
NULL                 0      0       0       0        0.0%
CODE                 0      0       0       0        0.0%
COMMON               E      9       A       1       71.4%
BITSFR0              0      0       0       1        0.0%
SFR0                 0      0       0       1        0.0%
BITSFR1              0      0       0       2        0.0%
SFR1                 0      0       0       2        0.0%
STACK                0      0       0       2        0.0%
ABS                  0      0       D       3        0.0%
BITBANK0            50      0       0       4        0.0%
BITSFR3              0      0       0       4        0.0%
SFR3                 0      0       0       4        0.0%
BANK0               50      3       3       5        3.8%
BITSFR2              0      0       0       5        0.0%
SFR2                 0      0       0       5        0.0%
BITBANK1            50      0       0       6        0.0%
BANK1               50      0       0       7        0.0%
BITBANK2            10      0       0       8        0.0%
BANK2               10      0       0       9        0.0%
DATA                 0      0       D      10        0.0%


Microchip Technology PIC Macro Assembler V1.32 build 58300 
Symbol Table                                                                                   Thu Oct 02 17:24:54 2014

                     u55 002A                      l434 001D                      _ISR 003B  
                    _var 0079                      fsr0 0004                     ?_ISR 0070  
                   i1l29 003F         ??_initialization 0074                     _main 0017  
                   btemp 007E                     ltemp 007E                     start 0011  
                   ttemp 007E                     wtemp 007E                    ??_ISR 0070  
                  ?_main 0074            __CFG_WDTE$OFF 0000                    _PORTA 0005  
                  _TRISA 0085                    main@i 0021                    main@j 0020  
                  pclath 000A                    ltemp0 007E                    ltemp1 0082  
                  ltemp2 0086                    ltemp3 0080                    ttemp0 007E  
                  ttemp1 0081                    ttemp2 0084                    ttemp3 0087  
                  ttemp4 007F                    status 0003                    wtemp0 007E  
                  wtemp1 0080                    wtemp2 0082                    wtemp3 0084  
                  wtemp4 0086                    wtemp5 0088                    wtemp6 007F  
        __initialization 0013             __end_of_main 003B                   ??_main 0078  
                 _ANSELA 0185                   _TMR0IE 005D                   _TMR0IF 005A  
                 saved_w 007E  __end_of__initialization 0014           __pcstackCOMMON 0070  
             __pmaintext 0017               __pintentry 0004                  __ptext0 0000  
                __ptext1 004A                  __ptext2 003B             __size_of_ISR 000F  
   end_of_initialization 0014  __size_of_initialization 000A      start_initialization 0013  
            __end_of_ISR 004A              __pbssCOMMON 0079                ___latbits 0001  
          __pcstackBANK0 0020           _initialization 004A        interrupt_function 0004  
 __end_of_initialization 0054          ?_initialization 0070            __size_of_main 0024  
               main@argc 0074                 main@argv 0076                 intlevel1 0000  
