

Microchip Technology PIC Macro Assembler V1.32 build 58300 
                                                                                                           Tue Sep 09 09:15:51 2014


     1                           
     2                           	; Microchip MPLAB XC8 C Compiler V1.32
     3                           	; Copyright (C) 1984-2014 HI-TECH Software
     4                           
     5                           	; Auto-generated runtime startup code for final link stage.
     6                           
     7                           	;
     8                           	; Compiler options:
     9                           	;
    10                           	; -oSwitch_2Key_Dimmer_V2.1.2.cof -mSwitch_2Key_Dimmer_V2.1.2.map \
    11                           	; --summary=default --output=default Buzzer_B1.p1 CC2500_B1.p1 \
    12                           	; DelayOff_B1.p1 Dimmer_B1.p1 LED_B1.p1 main.p1 MCU_16f1518_B1.p1 \
    13                           	; OverLoad_B1.p1 OverTemperature_B1.p1 PowerFault_B1.p1 \
    14                           	; RF_Control_B1.p1 Switch_B1.p1 CDS_B1.p1 PIR_B1.p1 SYSC_B1.p1 \
    15                           	; TriacRelay_B1.p1 --chip=16F1518 -IG:\Program\PIC\Header_File \
    16                           	; -IG:\Program\PIC\9.Switch_2Key_Dimmer\Switch_2Key_Dimmer_V2.1.2\Release \
    17                           	; -P --runtime=default --opt=default -N-1 -D__DEBUG=1 -g --asmlist \
    18                           	; --errformat=Error   [%n] %f; %l.%c %s --msgformat=Advisory[%n] %s \
    19                           	; --warnformat=Warning [%n] %f; %l.%c %s
    20                           	;
    21                           
    22                           
    23                           	processor	16F1518
    24                           
    25                           	global	_main,start,reset_vec
    26                           	fnroot	_main
    27                           	psect	config,class=CONFIG,delta=2,noexec
    28                           	psect	idloc,class=IDLOC,delta=2,noexec
    29                           	psect	code,class=CODE,delta=2
    30                           	psect	powerup,class=CODE,delta=2
    31                           	psect	reset_vec,class=CODE,delta=2
    32                           	psect	maintext,class=CODE,delta=2
    33  0000                     	Z	set	2
    34  0002                     	PCL	set	2
    35  0002                     	INDF	set	0
    36  0000                     
    37                           	STATUS	equ	3
    38  0003                     	BSR	equ	8
    39  0008                     	PCLATH	equ	0Ah
    40  000A                     	psect	eeprom_data,class=EEDATA,delta=2,space=3,noexec
    41                           	psect	strings,class=CODE,delta=2,reloc=256
    42                           	psect	intentry,class=CODE,delta=2
    43                           	psect	functab,class=CODE,delta=2
    44                           	global	intlevel0,intlevel1,intlevel2, intlevel3, intlevel4, intlevel5
    45                           intlevel0:
    46  0000                     intlevel1:
    47  0000                     intlevel2:
    48  0000                     intlevel3:
    49  0000                     intlevel4:
    50  0000                     intlevel5:
    51  0000                     	psect	init,class=CODE,delta=2
    52                           	psect	cinit,class=CODE,delta=2
    53                           	psect	text,class=CODE,delta=2
    54                           	psect	end_init,class=CODE,delta=2
    55                           	psect	clrtext,class=CODE,delta=2
    56                           	INDF0	set	0
    57  0000                     	INDF1	set	1
    58  0001                     	PCL	set	2
    59  0002                     	STATUS	set	3
    60  0003                     	FSR0L	set	4
    61  0004                     	FSR0H	set	5
    62  0005                     	FSR1L	set	6
    63  0006                     	FSR1H	set	7
    64  0007                     	BSR	set	8
    65  0008                     	WREG	set	9
    66  0009                     	PCLATH	set	10
    67  000A                     	INTCON	set	11
    68  000B                     
    69                           	psect	reset_vec
    70                           reset_vec:
    71  0000                     	; No powerup routine
    72                           	global start
    73                           
    74                           ; jump to start
    75                           	ljmp	start
    76  0000  3180  2816         
    77                           
    78                           	psect	init
    79                           start
    80  0016                     
    81                           ;Initialize the stack pointer (FSR1)
    82                           ;Stack space: 021D7h-0231Fh (329 bytes)
    83                           
    84                           	fsr1l	equ	6
    85  0006                     	fsr1h	equ	7
    86  0007                     	global stacklo, stackhi
    87                           	stacklo	equ	021D7h
    88  21D7                     	stackhi	equ	0231Fh
    89  231F                     
    90                           
    91                           	psect	stack,class=STACK,space=2,noexec
    92                           	global ___sp,___int_sp
    93                           	___sp:
    94  0000                     	___int_sp:
    95  0000                     
    96                           	psect	end_init
    97                           	global start_initialization
    98                           	ljmp start_initialization	;jump to C runtime clear & initialization
    99  0016  3180  2818         
   100                           ; Config register CONFIG1 @ 0x8007
   101                           ;	Clock Out Enable
   102                           ;	CLKOUTEN = 0x1, unprogrammed default
   103                           ;	Watchdog Timer Enable
   104                           ;	WDTE = OFF, WDT disabled
   105                           ;	Power-up Timer Enable
   106                           ;	PWRTE = 0x1, unprogrammed default
   107                           ;	Flash Program Memory Code Protection
   108                           ;	CP = 0x1, unprogrammed default
   109                           ;	Brown-out Reset Enable
   110                           ;	BOREN = OFF, Brown-out Reset disabled
   111                           ;	Fail-Safe Clock Monitor Enable
   112                           ;	FCMEN = 0x1, unprogrammed default
   113                           ;	MCLR Pin Function Select
   114                           ;	MCLRE = 0x1, unprogrammed default
   115                           ;	Internal/External Switchover
   116                           ;	IESO = 0x1, unprogrammed default
   117                           ;	Oscillator Selection
   118                           ;	FOSC = INTOSC, INTOSC oscillator: I/O function on CLKIN pin
   119                           
   120                           	psect	config
   121                           		org 0x0
   122  8007                     		dw 0xF9E4
   123  8007  F9E4               
   124                           ; Config register CONFIG2 @ 0x8008
   125                           ;	Stack Overflow/Underflow Reset Enable
   126                           ;	STVREN = 0x1, unprogrammed default
   127                           ;	Low-Power Brown Out Reset
   128                           ;	LPBOR = 0x1, unprogrammed default
   129                           ;	Brown-out Reset Voltage Selection
   130                           ;	BORV = 0x1, unprogrammed default
   131                           ;	Low-Voltage Programming Enable
   132                           ;	LVP = 0x1, unprogrammed default
   133                           ;	Voltage Regulator Capacitor Enable bit
   134                           ;	VCAPEN = 0x1, unprogrammed default
   135                           ;	Flash Memory Self-Write Protection
   136                           ;	WRT = BOOT, 000h to 1FFh write protected, 200h to 3FFFh may be modified by EECON control
   137                           
   138                           	psect	config
   139                           		org 0x1
   140  8008                     		dw 0xFFFE
   141  8008  FFFE               


Microchip Technology PIC Macro Assembler V1.32 build 58300 
Symbol Table                                                                                               Tue Sep 09 09:15:51 2014

               ___sp 0000                 _main 140B                 start 0016               stackhi 231F  
             stacklo 21D7  start_initialization 0018             ___int_sp 0000             intlevel0 0000  
           intlevel1 0000             intlevel2 0000             intlevel3 0000             intlevel4 0000  
           intlevel5 0000             reset_vec 0000  
